The system is: Linux - 5.10.43-2-ARCH - armv7l
Compiling the C compiler identification source file "CMakeCCompilerId.c" succeeded.
Compiler: /usr/bin/cc 
Build flags: 
Id flags:  

The output was:
0


Compilation of the C compiler identification source "CMakeCCompilerId.c" produced "a.out"

The C compiler identification is GNU, found in "/root/text-query/build/CMakeFiles/3.20.4/CompilerIdC/a.out"

Compiling the CXX compiler identification source file "CMakeCXXCompilerId.cpp" succeeded.
Compiler: /usr/bin/c++ 
Build flags: 
Id flags:  

The output was:
0


Compilation of the CXX compiler identification source "CMakeCXXCompilerId.cpp" produced "a.out"

The CXX compiler identification is GNU, found in "/root/text-query/build/CMakeFiles/3.20.4/CompilerIdCXX/a.out"

Detecting C compiler ABI info compiled with the following output:
Change Dir: /root/text-query/build/CMakeFiles/CMakeTmp

Run Build Command(s):/usr/bin/make -f Makefile cmTC_7962e/fast && /usr/bin/make  -f CMakeFiles/cmTC_7962e.dir/build.make CMakeFiles/cmTC_7962e.dir/build
make[1]: Entering directory '/root/text-query/build/CMakeFiles/CMakeTmp'
Building C object CMakeFiles/cmTC_7962e.dir/CMakeCCompilerABI.c.o
/usr/bin/cc   -v -o CMakeFiles/cmTC_7962e.dir/CMakeCCompilerABI.c.o -c /usr/share/cmake-3.20/Modules/CMakeCCompilerABI.c
Using built-in specs.
COLLECT_GCC=/usr/bin/cc
Target: armv7l-unknown-linux-gnueabihf
Configured with: /build/gcc/src/gcc/configure --prefix=/usr --libdir=/usr/lib --libexecdir=/usr/lib --mandir=/usr/share/man --infodir=/usr/share/info --with-bugurl=https://github.com/archlinuxarm/PKGBUILDs/issues --enable-languages=c,c++,fortran,go,lto,objc,obj-c++,d --with-isl --with-linker-hash-style=gnu --with-system-zlib --enable-__cxa_atexit --enable-checking=release --enable-clocale=gnu --enable-default-pie --enable-default-ssp --enable-gnu-indirect-function --enable-gnu-unique-object --enable-install-libiberty --enable-linker-build-id --enable-lto --enable-plugin --enable-shared --enable-threads=posix --disable-libssp --disable-libstdcxx-pch --disable-libunwind-exceptions --disable-multilib --disable-werror --host=armv7l-unknown-linux-gnueabihf --build=armv7l-unknown-linux-gnueabihf --with-arch=armv7-a --with-float=hard --with-fpu=vfpv3-d16 gdc_include_dir=/usr/include/dlang/gdc
Thread model: posix
Supported LTO compression algorithms: zlib zstd
gcc version 10.2.0 (GCC) 
COLLECT_GCC_OPTIONS='-v' '-o' 'CMakeFiles/cmTC_7962e.dir/CMakeCCompilerABI.c.o' '-c'  '-mfloat-abi=hard' '-mfpu=vfpv3-d16' '-mtls-dialect=gnu' '-marm' '-march=armv7-a+fp'
 /usr/lib/gcc/armv7l-unknown-linux-gnueabihf/10.2.0/cc1 -quiet -v /usr/share/cmake-3.20/Modules/CMakeCCompilerABI.c -quiet -dumpbase CMakeCCompilerABI.c -mfloat-abi=hard -mfpu=vfpv3-d16 -mtls-dialect=gnu -marm -march=armv7-a+fp -auxbase-strip CMakeFiles/cmTC_7962e.dir/CMakeCCompilerABI.c.o -version -o /tmp/cc0gRfGj.s
GNU C17 (GCC) version 10.2.0 (armv7l-unknown-linux-gnueabihf)
	compiled by GNU C version 10.2.0, GMP version 6.2.0, MPFR version 4.1.0, MPC version 1.1.0, isl version isl-0.21-GMP

warning: GMP header version 6.2.0 differs from library version 6.2.1.
warning: MPC header version 1.1.0 differs from library version 1.2.1.
GGC heuristics: --param ggc-min-expand=100 --param ggc-min-heapsize=131072
ignoring nonexistent directory "/usr/lib/gcc/armv7l-unknown-linux-gnueabihf/10.2.0/../../../../armv7l-unknown-linux-gnueabihf/include"
#include "..." search starts here:
#include <...> search starts here:
 /usr/lib/gcc/armv7l-unknown-linux-gnueabihf/10.2.0/include
 /usr/local/include
 /usr/lib/gcc/armv7l-unknown-linux-gnueabihf/10.2.0/include-fixed
 /usr/include
End of search list.
GNU C17 (GCC) version 10.2.0 (armv7l-unknown-linux-gnueabihf)
	compiled by GNU C version 10.2.0, GMP version 6.2.0, MPFR version 4.1.0, MPC version 1.1.0, isl version isl-0.21-GMP

warning: GMP header version 6.2.0 differs from library version 6.2.1.
warning: MPC header version 1.1.0 differs from library version 1.2.1.
GGC heuristics: --param ggc-min-expand=100 --param ggc-min-heapsize=131072
Compiler executable checksum: 6a87002d75866bee807cad13d98c39d8
COLLECT_GCC_OPTIONS='-v' '-o' 'CMakeFiles/cmTC_7962e.dir/CMakeCCompilerABI.c.o' '-c'  '-mfloat-abi=hard' '-mfpu=vfpv3-d16' '-mtls-dialect=gnu' '-marm' '-march=armv7-a+fp'
 as -v -march=armv7-a -mfloat-abi=hard -mfpu=vfpv3-d16 -meabi=5 -o CMakeFiles/cmTC_7962e.dir/CMakeCCompilerABI.c.o /tmp/cc0gRfGj.s
GNU assembler version 2.35 (armv7l-unknown-linux-gnueabihf) using BFD version (GNU Binutils) 2.35
COMPILER_PATH=/usr/lib/gcc/armv7l-unknown-linux-gnueabihf/10.2.0/:/usr/lib/gcc/armv7l-unknown-linux-gnueabihf/10.2.0/:/usr/lib/gcc/armv7l-unknown-linux-gnueabihf/:/usr/lib/gcc/armv7l-unknown-linux-gnueabihf/10.2.0/:/usr/lib/gcc/armv7l-unknown-linux-gnueabihf/
LIBRARY_PATH=/usr/lib/gcc/armv7l-unknown-linux-gnueabihf/10.2.0/:/usr/lib/gcc/armv7l-unknown-linux-gnueabihf/10.2.0/../../../:/lib/:/usr/lib/
COLLECT_GCC_OPTIONS='-v' '-o' 'CMakeFiles/cmTC_7962e.dir/CMakeCCompilerABI.c.o' '-c'  '-mfloat-abi=hard' '-mfpu=vfpv3-d16' '-mtls-dialect=gnu' '-marm' '-march=armv7-a+fp'
Linking C executable cmTC_7962e
/usr/bin/cmake -E cmake_link_script CMakeFiles/cmTC_7962e.dir/link.txt --verbose=1
/usr/bin/cc  -v CMakeFiles/cmTC_7962e.dir/CMakeCCompilerABI.c.o -o cmTC_7962e 
Using built-in specs.
COLLECT_GCC=/usr/bin/cc
COLLECT_LTO_WRAPPER=/usr/lib/gcc/armv7l-unknown-linux-gnueabihf/10.2.0/lto-wrapper
Target: armv7l-unknown-linux-gnueabihf
Configured with: /build/gcc/src/gcc/configure --prefix=/usr --libdir=/usr/lib --libexecdir=/usr/lib --mandir=/usr/share/man --infodir=/usr/share/info --with-bugurl=https://github.com/archlinuxarm/PKGBUILDs/issues --enable-languages=c,c++,fortran,go,lto,objc,obj-c++,d --with-isl --with-linker-hash-style=gnu --with-system-zlib --enable-__cxa_atexit --enable-checking=release --enable-clocale=gnu --enable-default-pie --enable-default-ssp --enable-gnu-indirect-function --enable-gnu-unique-object --enable-install-libiberty --enable-linker-build-id --enable-lto --enable-plugin --enable-shared --enable-threads=posix --disable-libssp --disable-libstdcxx-pch --disable-libunwind-exceptions --disable-multilib --disable-werror --host=armv7l-unknown-linux-gnueabihf --build=armv7l-unknown-linux-gnueabihf --with-arch=armv7-a --with-float=hard --with-fpu=vfpv3-d16 gdc_include_dir=/usr/include/dlang/gdc
Thread model: posix
Supported LTO compression algorithms: zlib zstd
gcc version 10.2.0 (GCC) 
COMPILER_PATH=/usr/lib/gcc/armv7l-unknown-linux-gnueabihf/10.2.0/:/usr/lib/gcc/armv7l-unknown-linux-gnueabihf/10.2.0/:/usr/lib/gcc/armv7l-unknown-linux-gnueabihf/:/usr/lib/gcc/armv7l-unknown-linux-gnueabihf/10.2.0/:/usr/lib/gcc/armv7l-unknown-linux-gnueabihf/
LIBRARY_PATH=/usr/lib/gcc/armv7l-unknown-linux-gnueabihf/10.2.0/:/usr/lib/gcc/armv7l-unknown-linux-gnueabihf/10.2.0/../../../:/lib/:/usr/lib/
COLLECT_GCC_OPTIONS='-v' '-o' 'cmTC_7962e'  '-mfloat-abi=hard' '-mfpu=vfpv3-d16' '-mtls-dialect=gnu' '-marm' '-march=armv7-a+fp'
 /usr/lib/gcc/armv7l-unknown-linux-gnueabihf/10.2.0/collect2 -plugin /usr/lib/gcc/armv7l-unknown-linux-gnueabihf/10.2.0/liblto_plugin.so -plugin-opt=/usr/lib/gcc/armv7l-unknown-linux-gnueabihf/10.2.0/lto-wrapper -plugin-opt=-fresolution=/tmp/ccVg4Dn8.res -plugin-opt=-pass-through=-lgcc -plugin-opt=-pass-through=-lgcc_s -plugin-opt=-pass-through=-lc -plugin-opt=-pass-through=-lgcc -plugin-opt=-pass-through=-lgcc_s --build-id --eh-frame-hdr --hash-style=gnu -dynamic-linker /lib/ld-linux-armhf.so.3 -X -m armelf_linux_eabi -pie -o cmTC_7962e /usr/lib/gcc/armv7l-unknown-linux-gnueabihf/10.2.0/../../../Scrt1.o /usr/lib/gcc/armv7l-unknown-linux-gnueabihf/10.2.0/../../../crti.o /usr/lib/gcc/armv7l-unknown-linux-gnueabihf/10.2.0/crtbeginS.o -L/usr/lib/gcc/armv7l-unknown-linux-gnueabihf/10.2.0 -L/usr/lib/gcc/armv7l-unknown-linux-gnueabihf/10.2.0/../../.. CMakeFiles/cmTC_7962e.dir/CMakeCCompilerABI.c.o -lgcc --push-state --as-needed -lgcc_s --pop-state -lc -lgcc --push-state --as-needed -lgcc_s --pop-state /usr/lib/gcc/armv7l-unknown-linux-gnueabihf/10.2.0/crtendS.o /usr/lib/gcc/armv7l-unknown-linux-gnueabihf/10.2.0/../../../crtn.o
COLLECT_GCC_OPTIONS='-v' '-o' 'cmTC_7962e'  '-mfloat-abi=hard' '-mfpu=vfpv3-d16' '-mtls-dialect=gnu' '-marm' '-march=armv7-a+fp'
make[1]: Leaving directory '/root/text-query/build/CMakeFiles/CMakeTmp'



Parsed C implicit include dir info from above output: rv=done
  found start of include info
  found start of implicit include info
    add: [/usr/lib/gcc/armv7l-unknown-linux-gnueabihf/10.2.0/include]
    add: [/usr/local/include]
    add: [/usr/lib/gcc/armv7l-unknown-linux-gnueabihf/10.2.0/include-fixed]
    add: [/usr/include]
  end of search list found
  collapse include dir [/usr/lib/gcc/armv7l-unknown-linux-gnueabihf/10.2.0/include] ==> [/usr/lib/gcc/armv7l-unknown-linux-gnueabihf/10.2.0/include]
  collapse include dir [/usr/local/include] ==> [/usr/local/include]
  collapse include dir [/usr/lib/gcc/armv7l-unknown-linux-gnueabihf/10.2.0/include-fixed] ==> [/usr/lib/gcc/armv7l-unknown-linux-gnueabihf/10.2.0/include-fixed]
  collapse include dir [/usr/include] ==> [/usr/include]
  implicit include dirs: [/usr/lib/gcc/armv7l-unknown-linux-gnueabihf/10.2.0/include;/usr/local/include;/usr/lib/gcc/armv7l-unknown-linux-gnueabihf/10.2.0/include-fixed;/usr/include]


Parsed C implicit link information from above output:
  link line regex: [^( *|.*[/\])(ld|CMAKE_LINK_STARTFILE-NOTFOUND|([^/\]+-)?ld|collect2)[^/\]*( |$)]
  ignore line: [Change Dir: /root/text-query/build/CMakeFiles/CMakeTmp]
  ignore line: []
  ignore line: [Run Build Command(s):/usr/bin/make -f Makefile cmTC_7962e/fast && /usr/bin/make  -f CMakeFiles/cmTC_7962e.dir/build.make CMakeFiles/cmTC_7962e.dir/build]
  ignore line: [make[1]: Entering directory '/root/text-query/build/CMakeFiles/CMakeTmp']
  ignore line: [Building C object CMakeFiles/cmTC_7962e.dir/CMakeCCompilerABI.c.o]
  ignore line: [/usr/bin/cc   -v -o CMakeFiles/cmTC_7962e.dir/CMakeCCompilerABI.c.o -c /usr/share/cmake-3.20/Modules/CMakeCCompilerABI.c]
  ignore line: [Using built-in specs.]
  ignore line: [COLLECT_GCC=/usr/bin/cc]
  ignore line: [Target: armv7l-unknown-linux-gnueabihf]
  ignore line: [Configured with: /build/gcc/src/gcc/configure --prefix=/usr --libdir=/usr/lib --libexecdir=/usr/lib --mandir=/usr/share/man --infodir=/usr/share/info --with-bugurl=https://github.com/archlinuxarm/PKGBUILDs/issues --enable-languages=c c++ fortran go lto objc obj-c++ d --with-isl --with-linker-hash-style=gnu --with-system-zlib --enable-__cxa_atexit --enable-checking=release --enable-clocale=gnu --enable-default-pie --enable-default-ssp --enable-gnu-indirect-function --enable-gnu-unique-object --enable-install-libiberty --enable-linker-build-id --enable-lto --enable-plugin --enable-shared --enable-threads=posix --disable-libssp --disable-libstdcxx-pch --disable-libunwind-exceptions --disable-multilib --disable-werror --host=armv7l-unknown-linux-gnueabihf --build=armv7l-unknown-linux-gnueabihf --with-arch=armv7-a --with-float=hard --with-fpu=vfpv3-d16 gdc_include_dir=/usr/include/dlang/gdc]
  ignore line: [Thread model: posix]
  ignore line: [Supported LTO compression algorithms: zlib zstd]
  ignore line: [gcc version 10.2.0 (GCC) ]
  ignore line: [COLLECT_GCC_OPTIONS='-v' '-o' 'CMakeFiles/cmTC_7962e.dir/CMakeCCompilerABI.c.o' '-c'  '-mfloat-abi=hard' '-mfpu=vfpv3-d16' '-mtls-dialect=gnu' '-marm' '-march=armv7-a+fp']
  ignore line: [ /usr/lib/gcc/armv7l-unknown-linux-gnueabihf/10.2.0/cc1 -quiet -v /usr/share/cmake-3.20/Modules/CMakeCCompilerABI.c -quiet -dumpbase CMakeCCompilerABI.c -mfloat-abi=hard -mfpu=vfpv3-d16 -mtls-dialect=gnu -marm -march=armv7-a+fp -auxbase-strip CMakeFiles/cmTC_7962e.dir/CMakeCCompilerABI.c.o -version -o /tmp/cc0gRfGj.s]
  ignore line: [GNU C17 (GCC) version 10.2.0 (armv7l-unknown-linux-gnueabihf)]
  ignore line: [	compiled by GNU C version 10.2.0  GMP version 6.2.0  MPFR version 4.1.0  MPC version 1.1.0  isl version isl-0.21-GMP]
  ignore line: []
  ignore line: [warning: GMP header version 6.2.0 differs from library version 6.2.1.]
  ignore line: [warning: MPC header version 1.1.0 differs from library version 1.2.1.]
  ignore line: [GGC heuristics: --param ggc-min-expand=100 --param ggc-min-heapsize=131072]
  ignore line: [ignoring nonexistent directory "/usr/lib/gcc/armv7l-unknown-linux-gnueabihf/10.2.0/../../../../armv7l-unknown-linux-gnueabihf/include"]
  ignore line: [#include "..." search starts here:]
  ignore line: [#include <...> search starts here:]
  ignore line: [ /usr/lib/gcc/armv7l-unknown-linux-gnueabihf/10.2.0/include]
  ignore line: [ /usr/local/include]
  ignore line: [ /usr/lib/gcc/armv7l-unknown-linux-gnueabihf/10.2.0/include-fixed]
  ignore line: [ /usr/include]
  ignore line: [End of search list.]
  ignore line: [GNU C17 (GCC) version 10.2.0 (armv7l-unknown-linux-gnueabihf)]
  ignore line: [	compiled by GNU C version 10.2.0  GMP version 6.2.0  MPFR version 4.1.0  MPC version 1.1.0  isl version isl-0.21-GMP]
  ignore line: []
  ignore line: [warning: GMP header version 6.2.0 differs from library version 6.2.1.]
  ignore line: [warning: MPC header version 1.1.0 differs from library version 1.2.1.]
  ignore line: [GGC heuristics: --param ggc-min-expand=100 --param ggc-min-heapsize=131072]
  ignore line: [Compiler executable checksum: 6a87002d75866bee807cad13d98c39d8]
  ignore line: [COLLECT_GCC_OPTIONS='-v' '-o' 'CMakeFiles/cmTC_7962e.dir/CMakeCCompilerABI.c.o' '-c'  '-mfloat-abi=hard' '-mfpu=vfpv3-d16' '-mtls-dialect=gnu' '-marm' '-march=armv7-a+fp']
  ignore line: [ as -v -march=armv7-a -mfloat-abi=hard -mfpu=vfpv3-d16 -meabi=5 -o CMakeFiles/cmTC_7962e.dir/CMakeCCompilerABI.c.o /tmp/cc0gRfGj.s]
  ignore line: [GNU assembler version 2.35 (armv7l-unknown-linux-gnueabihf) using BFD version (GNU Binutils) 2.35]
  ignore line: [COMPILER_PATH=/usr/lib/gcc/armv7l-unknown-linux-gnueabihf/10.2.0/:/usr/lib/gcc/armv7l-unknown-linux-gnueabihf/10.2.0/:/usr/lib/gcc/armv7l-unknown-linux-gnueabihf/:/usr/lib/gcc/armv7l-unknown-linux-gnueabihf/10.2.0/:/usr/lib/gcc/armv7l-unknown-linux-gnueabihf/]
  ignore line: [LIBRARY_PATH=/usr/lib/gcc/armv7l-unknown-linux-gnueabihf/10.2.0/:/usr/lib/gcc/armv7l-unknown-linux-gnueabihf/10.2.0/../../../:/lib/:/usr/lib/]
  ignore line: [COLLECT_GCC_OPTIONS='-v' '-o' 'CMakeFiles/cmTC_7962e.dir/CMakeCCompilerABI.c.o' '-c'  '-mfloat-abi=hard' '-mfpu=vfpv3-d16' '-mtls-dialect=gnu' '-marm' '-march=armv7-a+fp']
  ignore line: [Linking C executable cmTC_7962e]
  ignore line: [/usr/bin/cmake -E cmake_link_script CMakeFiles/cmTC_7962e.dir/link.txt --verbose=1]
  ignore line: [/usr/bin/cc  -v CMakeFiles/cmTC_7962e.dir/CMakeCCompilerABI.c.o -o cmTC_7962e ]
  ignore line: [Using built-in specs.]
  ignore line: [COLLECT_GCC=/usr/bin/cc]
  ignore line: [COLLECT_LTO_WRAPPER=/usr/lib/gcc/armv7l-unknown-linux-gnueabihf/10.2.0/lto-wrapper]
  ignore line: [Target: armv7l-unknown-linux-gnueabihf]
  ignore line: [Configured with: /build/gcc/src/gcc/configure --prefix=/usr --libdir=/usr/lib --libexecdir=/usr/lib --mandir=/usr/share/man --infodir=/usr/share/info --with-bugurl=https://github.com/archlinuxarm/PKGBUILDs/issues --enable-languages=c c++ fortran go lto objc obj-c++ d --with-isl --with-linker-hash-style=gnu --with-system-zlib --enable-__cxa_atexit --enable-checking=release --enable-clocale=gnu --enable-default-pie --enable-default-ssp --enable-gnu-indirect-function --enable-gnu-unique-object --enable-install-libiberty --enable-linker-build-id --enable-lto --enable-plugin --enable-shared --enable-threads=posix --disable-libssp --disable-libstdcxx-pch --disable-libunwind-exceptions --disable-multilib --disable-werror --host=armv7l-unknown-linux-gnueabihf --build=armv7l-unknown-linux-gnueabihf --with-arch=armv7-a --with-float=hard --with-fpu=vfpv3-d16 gdc_include_dir=/usr/include/dlang/gdc]
  ignore line: [Thread model: posix]
  ignore line: [Supported LTO compression algorithms: zlib zstd]
  ignore line: [gcc version 10.2.0 (GCC) ]
  ignore line: [COMPILER_PATH=/usr/lib/gcc/armv7l-unknown-linux-gnueabihf/10.2.0/:/usr/lib/gcc/armv7l-unknown-linux-gnueabihf/10.2.0/:/usr/lib/gcc/armv7l-unknown-linux-gnueabihf/:/usr/lib/gcc/armv7l-unknown-linux-gnueabihf/10.2.0/:/usr/lib/gcc/armv7l-unknown-linux-gnueabihf/]
  ignore line: [LIBRARY_PATH=/usr/lib/gcc/armv7l-unknown-linux-gnueabihf/10.2.0/:/usr/lib/gcc/armv7l-unknown-linux-gnueabihf/10.2.0/../../../:/lib/:/usr/lib/]
  ignore line: [COLLECT_GCC_OPTIONS='-v' '-o' 'cmTC_7962e'  '-mfloat-abi=hard' '-mfpu=vfpv3-d16' '-mtls-dialect=gnu' '-marm' '-march=armv7-a+fp']
  link line: [ /usr/lib/gcc/armv7l-unknown-linux-gnueabihf/10.2.0/collect2 -plugin /usr/lib/gcc/armv7l-unknown-linux-gnueabihf/10.2.0/liblto_plugin.so -plugin-opt=/usr/lib/gcc/armv7l-unknown-linux-gnueabihf/10.2.0/lto-wrapper -plugin-opt=-fresolution=/tmp/ccVg4Dn8.res -plugin-opt=-pass-through=-lgcc -plugin-opt=-pass-through=-lgcc_s -plugin-opt=-pass-through=-lc -plugin-opt=-pass-through=-lgcc -plugin-opt=-pass-through=-lgcc_s --build-id --eh-frame-hdr --hash-style=gnu -dynamic-linker /lib/ld-linux-armhf.so.3 -X -m armelf_linux_eabi -pie -o cmTC_7962e /usr/lib/gcc/armv7l-unknown-linux-gnueabihf/10.2.0/../../../Scrt1.o /usr/lib/gcc/armv7l-unknown-linux-gnueabihf/10.2.0/../../../crti.o /usr/lib/gcc/armv7l-unknown-linux-gnueabihf/10.2.0/crtbeginS.o -L/usr/lib/gcc/armv7l-unknown-linux-gnueabihf/10.2.0 -L/usr/lib/gcc/armv7l-unknown-linux-gnueabihf/10.2.0/../../.. CMakeFiles/cmTC_7962e.dir/CMakeCCompilerABI.c.o -lgcc --push-state --as-needed -lgcc_s --pop-state -lc -lgcc --push-state --as-needed -lgcc_s --pop-state /usr/lib/gcc/armv7l-unknown-linux-gnueabihf/10.2.0/crtendS.o /usr/lib/gcc/armv7l-unknown-linux-gnueabihf/10.2.0/../../../crtn.o]
    arg [/usr/lib/gcc/armv7l-unknown-linux-gnueabihf/10.2.0/collect2] ==> ignore
    arg [-plugin] ==> ignore
    arg [/usr/lib/gcc/armv7l-unknown-linux-gnueabihf/10.2.0/liblto_plugin.so] ==> ignore
    arg [-plugin-opt=/usr/lib/gcc/armv7l-unknown-linux-gnueabihf/10.2.0/lto-wrapper] ==> ignore
    arg [-plugin-opt=-fresolution=/tmp/ccVg4Dn8.res] ==> ignore
    arg [-plugin-opt=-pass-through=-lgcc] ==> ignore
    arg [-plugin-opt=-pass-through=-lgcc_s] ==> ignore
    arg [-plugin-opt=-pass-through=-lc] ==> ignore
    arg [-plugin-opt=-pass-through=-lgcc] ==> ignore
    arg [-plugin-opt=-pass-through=-lgcc_s] ==> ignore
    arg [--build-id] ==> ignore
    arg [--eh-frame-hdr] ==> ignore
    arg [--hash-style=gnu] ==> ignore
    arg [-dynamic-linker] ==> ignore
    arg [/lib/ld-linux-armhf.so.3] ==> ignore
    arg [-X] ==> ignore
    arg [-m] ==> ignore
    arg [armelf_linux_eabi] ==> ignore
    arg [-pie] ==> ignore
    arg [-o] ==> ignore
    arg [cmTC_7962e] ==> ignore
    arg [/usr/lib/gcc/armv7l-unknown-linux-gnueabihf/10.2.0/../../../Scrt1.o] ==> obj [/usr/lib/gcc/armv7l-unknown-linux-gnueabihf/10.2.0/../../../Scrt1.o]
    arg [/usr/lib/gcc/armv7l-unknown-linux-gnueabihf/10.2.0/../../../crti.o] ==> obj [/usr/lib/gcc/armv7l-unknown-linux-gnueabihf/10.2.0/../../../crti.o]
    arg [/usr/lib/gcc/armv7l-unknown-linux-gnueabihf/10.2.0/crtbeginS.o] ==> obj [/usr/lib/gcc/armv7l-unknown-linux-gnueabihf/10.2.0/crtbeginS.o]
    arg [-L/usr/lib/gcc/armv7l-unknown-linux-gnueabihf/10.2.0] ==> dir [/usr/lib/gcc/armv7l-unknown-linux-gnueabihf/10.2.0]
    arg [-L/usr/lib/gcc/armv7l-unknown-linux-gnueabihf/10.2.0/../../..] ==> dir [/usr/lib/gcc/armv7l-unknown-linux-gnueabihf/10.2.0/../../..]
    arg [CMakeFiles/cmTC_7962e.dir/CMakeCCompilerABI.c.o] ==> ignore
    arg [-lgcc] ==> lib [gcc]
    arg [--push-state] ==> ignore
    arg [--as-needed] ==> ignore
    arg [-lgcc_s] ==> lib [gcc_s]
    arg [--pop-state] ==> ignore
    arg [-lc] ==> lib [c]
    arg [-lgcc] ==> lib [gcc]
    arg [--push-state] ==> ignore
    arg [--as-needed] ==> ignore
    arg [-lgcc_s] ==> lib [gcc_s]
    arg [--pop-state] ==> ignore
    arg [/usr/lib/gcc/armv7l-unknown-linux-gnueabihf/10.2.0/crtendS.o] ==> obj [/usr/lib/gcc/armv7l-unknown-linux-gnueabihf/10.2.0/crtendS.o]
    arg [/usr/lib/gcc/armv7l-unknown-linux-gnueabihf/10.2.0/../../../crtn.o] ==> obj [/usr/lib/gcc/armv7l-unknown-linux-gnueabihf/10.2.0/../../../crtn.o]
  collapse obj [/usr/lib/gcc/armv7l-unknown-linux-gnueabihf/10.2.0/../../../Scrt1.o] ==> [/usr/lib/Scrt1.o]
  collapse obj [/usr/lib/gcc/armv7l-unknown-linux-gnueabihf/10.2.0/../../../crti.o] ==> [/usr/lib/crti.o]
  collapse obj [/usr/lib/gcc/armv7l-unknown-linux-gnueabihf/10.2.0/../../../crtn.o] ==> [/usr/lib/crtn.o]
  collapse library dir [/usr/lib/gcc/armv7l-unknown-linux-gnueabihf/10.2.0] ==> [/usr/lib/gcc/armv7l-unknown-linux-gnueabihf/10.2.0]
  collapse library dir [/usr/lib/gcc/armv7l-unknown-linux-gnueabihf/10.2.0/../../..] ==> [/usr/lib]
  implicit libs: [gcc;gcc_s;c;gcc;gcc_s]
  implicit objs: [/usr/lib/Scrt1.o;/usr/lib/crti.o;/usr/lib/gcc/armv7l-unknown-linux-gnueabihf/10.2.0/crtbeginS.o;/usr/lib/gcc/armv7l-unknown-linux-gnueabihf/10.2.0/crtendS.o;/usr/lib/crtn.o]
  implicit dirs: [/usr/lib/gcc/armv7l-unknown-linux-gnueabihf/10.2.0;/usr/lib]
  implicit fwks: []


Detecting CXX compiler ABI info compiled with the following output:
Change Dir: /root/text-query/build/CMakeFiles/CMakeTmp

Run Build Command(s):/usr/bin/make -f Makefile cmTC_f8592/fast && /usr/bin/make  -f CMakeFiles/cmTC_f8592.dir/build.make CMakeFiles/cmTC_f8592.dir/build
make[1]: Entering directory '/root/text-query/build/CMakeFiles/CMakeTmp'
Building CXX object CMakeFiles/cmTC_f8592.dir/CMakeCXXCompilerABI.cpp.o
/usr/bin/c++   -v -o CMakeFiles/cmTC_f8592.dir/CMakeCXXCompilerABI.cpp.o -c /usr/share/cmake-3.20/Modules/CMakeCXXCompilerABI.cpp
Using built-in specs.
COLLECT_GCC=/usr/bin/c++
Target: armv7l-unknown-linux-gnueabihf
Configured with: /build/gcc/src/gcc/configure --prefix=/usr --libdir=/usr/lib --libexecdir=/usr/lib --mandir=/usr/share/man --infodir=/usr/share/info --with-bugurl=https://github.com/archlinuxarm/PKGBUILDs/issues --enable-languages=c,c++,fortran,go,lto,objc,obj-c++,d --with-isl --with-linker-hash-style=gnu --with-system-zlib --enable-__cxa_atexit --enable-checking=release --enable-clocale=gnu --enable-default-pie --enable-default-ssp --enable-gnu-indirect-function --enable-gnu-unique-object --enable-install-libiberty --enable-linker-build-id --enable-lto --enable-plugin --enable-shared --enable-threads=posix --disable-libssp --disable-libstdcxx-pch --disable-libunwind-exceptions --disable-multilib --disable-werror --host=armv7l-unknown-linux-gnueabihf --build=armv7l-unknown-linux-gnueabihf --with-arch=armv7-a --with-float=hard --with-fpu=vfpv3-d16 gdc_include_dir=/usr/include/dlang/gdc
Thread model: posix
Supported LTO compression algorithms: zlib zstd
gcc version 10.2.0 (GCC) 
COLLECT_GCC_OPTIONS='-v' '-o' 'CMakeFiles/cmTC_f8592.dir/CMakeCXXCompilerABI.cpp.o' '-c' '-shared-libgcc'  '-mfloat-abi=hard' '-mfpu=vfpv3-d16' '-mtls-dialect=gnu' '-marm' '-march=armv7-a+fp'
 /usr/lib/gcc/armv7l-unknown-linux-gnueabihf/10.2.0/cc1plus -quiet -v -D_GNU_SOURCE /usr/share/cmake-3.20/Modules/CMakeCXXCompilerABI.cpp -quiet -dumpbase CMakeCXXCompilerABI.cpp -mfloat-abi=hard -mfpu=vfpv3-d16 -mtls-dialect=gnu -marm -march=armv7-a+fp -auxbase-strip CMakeFiles/cmTC_f8592.dir/CMakeCXXCompilerABI.cpp.o -version -o /tmp/ccgjMcOA.s
GNU C++14 (GCC) version 10.2.0 (armv7l-unknown-linux-gnueabihf)
	compiled by GNU C version 10.2.0, GMP version 6.2.0, MPFR version 4.1.0, MPC version 1.1.0, isl version isl-0.21-GMP

warning: GMP header version 6.2.0 differs from library version 6.2.1.
warning: MPC header version 1.1.0 differs from library version 1.2.1.
GGC heuristics: --param ggc-min-expand=100 --param ggc-min-heapsize=131072
ignoring nonexistent directory "/usr/lib/gcc/armv7l-unknown-linux-gnueabihf/10.2.0/../../../../armv7l-unknown-linux-gnueabihf/include"
#include "..." search starts here:
#include <...> search starts here:
 /usr/lib/gcc/armv7l-unknown-linux-gnueabihf/10.2.0/../../../../include/c++/10.2.0
 /usr/lib/gcc/armv7l-unknown-linux-gnueabihf/10.2.0/../../../../include/c++/10.2.0/armv7l-unknown-linux-gnueabihf
 /usr/lib/gcc/armv7l-unknown-linux-gnueabihf/10.2.0/../../../../include/c++/10.2.0/backward
 /usr/lib/gcc/armv7l-unknown-linux-gnueabihf/10.2.0/include
 /usr/local/include
 /usr/lib/gcc/armv7l-unknown-linux-gnueabihf/10.2.0/include-fixed
 /usr/include
End of search list.
GNU C++14 (GCC) version 10.2.0 (armv7l-unknown-linux-gnueabihf)
	compiled by GNU C version 10.2.0, GMP version 6.2.0, MPFR version 4.1.0, MPC version 1.1.0, isl version isl-0.21-GMP

warning: GMP header version 6.2.0 differs from library version 6.2.1.
warning: MPC header version 1.1.0 differs from library version 1.2.1.
GGC heuristics: --param ggc-min-expand=100 --param ggc-min-heapsize=131072
Compiler executable checksum: b5d68ee93e94df3dd292067d80f28aab
COLLECT_GCC_OPTIONS='-v' '-o' 'CMakeFiles/cmTC_f8592.dir/CMakeCXXCompilerABI.cpp.o' '-c' '-shared-libgcc'  '-mfloat-abi=hard' '-mfpu=vfpv3-d16' '-mtls-dialect=gnu' '-marm' '-march=armv7-a+fp'
 as -v -march=armv7-a -mfloat-abi=hard -mfpu=vfpv3-d16 -meabi=5 -o CMakeFiles/cmTC_f8592.dir/CMakeCXXCompilerABI.cpp.o /tmp/ccgjMcOA.s
GNU assembler version 2.35 (armv7l-unknown-linux-gnueabihf) using BFD version (GNU Binutils) 2.35
COMPILER_PATH=/usr/lib/gcc/armv7l-unknown-linux-gnueabihf/10.2.0/:/usr/lib/gcc/armv7l-unknown-linux-gnueabihf/10.2.0/:/usr/lib/gcc/armv7l-unknown-linux-gnueabihf/:/usr/lib/gcc/armv7l-unknown-linux-gnueabihf/10.2.0/:/usr/lib/gcc/armv7l-unknown-linux-gnueabihf/
LIBRARY_PATH=/usr/lib/gcc/armv7l-unknown-linux-gnueabihf/10.2.0/:/usr/lib/gcc/armv7l-unknown-linux-gnueabihf/10.2.0/../../../:/lib/:/usr/lib/
COLLECT_GCC_OPTIONS='-v' '-o' 'CMakeFiles/cmTC_f8592.dir/CMakeCXXCompilerABI.cpp.o' '-c' '-shared-libgcc'  '-mfloat-abi=hard' '-mfpu=vfpv3-d16' '-mtls-dialect=gnu' '-marm' '-march=armv7-a+fp'
Linking CXX executable cmTC_f8592
/usr/bin/cmake -E cmake_link_script CMakeFiles/cmTC_f8592.dir/link.txt --verbose=1
/usr/bin/c++  -v CMakeFiles/cmTC_f8592.dir/CMakeCXXCompilerABI.cpp.o -o cmTC_f8592 
Using built-in specs.
COLLECT_GCC=/usr/bin/c++
COLLECT_LTO_WRAPPER=/usr/lib/gcc/armv7l-unknown-linux-gnueabihf/10.2.0/lto-wrapper
Target: armv7l-unknown-linux-gnueabihf
Configured with: /build/gcc/src/gcc/configure --prefix=/usr --libdir=/usr/lib --libexecdir=/usr/lib --mandir=/usr/share/man --infodir=/usr/share/info --with-bugurl=https://github.com/archlinuxarm/PKGBUILDs/issues --enable-languages=c,c++,fortran,go,lto,objc,obj-c++,d --with-isl --with-linker-hash-style=gnu --with-system-zlib --enable-__cxa_atexit --enable-checking=release --enable-clocale=gnu --enable-default-pie --enable-default-ssp --enable-gnu-indirect-function --enable-gnu-unique-object --enable-install-libiberty --enable-linker-build-id --enable-lto --enable-plugin --enable-shared --enable-threads=posix --disable-libssp --disable-libstdcxx-pch --disable-libunwind-exceptions --disable-multilib --disable-werror --host=armv7l-unknown-linux-gnueabihf --build=armv7l-unknown-linux-gnueabihf --with-arch=armv7-a --with-float=hard --with-fpu=vfpv3-d16 gdc_include_dir=/usr/include/dlang/gdc
Thread model: posix
Supported LTO compression algorithms: zlib zstd
gcc version 10.2.0 (GCC) 
COMPILER_PATH=/usr/lib/gcc/armv7l-unknown-linux-gnueabihf/10.2.0/:/usr/lib/gcc/armv7l-unknown-linux-gnueabihf/10.2.0/:/usr/lib/gcc/armv7l-unknown-linux-gnueabihf/:/usr/lib/gcc/armv7l-unknown-linux-gnueabihf/10.2.0/:/usr/lib/gcc/armv7l-unknown-linux-gnueabihf/
LIBRARY_PATH=/usr/lib/gcc/armv7l-unknown-linux-gnueabihf/10.2.0/:/usr/lib/gcc/armv7l-unknown-linux-gnueabihf/10.2.0/../../../:/lib/:/usr/lib/
COLLECT_GCC_OPTIONS='-v' '-o' 'cmTC_f8592' '-shared-libgcc'  '-mfloat-abi=hard' '-mfpu=vfpv3-d16' '-mtls-dialect=gnu' '-marm' '-march=armv7-a+fp'
 /usr/lib/gcc/armv7l-unknown-linux-gnueabihf/10.2.0/collect2 -plugin /usr/lib/gcc/armv7l-unknown-linux-gnueabihf/10.2.0/liblto_plugin.so -plugin-opt=/usr/lib/gcc/armv7l-unknown-linux-gnueabihf/10.2.0/lto-wrapper -plugin-opt=-fresolution=/tmp/ccrxqV40.res -plugin-opt=-pass-through=-lgcc_s -plugin-opt=-pass-through=-lgcc -plugin-opt=-pass-through=-lc -plugin-opt=-pass-through=-lgcc_s -plugin-opt=-pass-through=-lgcc --build-id --eh-frame-hdr --hash-style=gnu -dynamic-linker /lib/ld-linux-armhf.so.3 -X -m armelf_linux_eabi -pie -o cmTC_f8592 /usr/lib/gcc/armv7l-unknown-linux-gnueabihf/10.2.0/../../../Scrt1.o /usr/lib/gcc/armv7l-unknown-linux-gnueabihf/10.2.0/../../../crti.o /usr/lib/gcc/armv7l-unknown-linux-gnueabihf/10.2.0/crtbeginS.o -L/usr/lib/gcc/armv7l-unknown-linux-gnueabihf/10.2.0 -L/usr/lib/gcc/armv7l-unknown-linux-gnueabihf/10.2.0/../../.. CMakeFiles/cmTC_f8592.dir/CMakeCXXCompilerABI.cpp.o -lstdc++ -lm -lgcc_s -lgcc -lc -lgcc_s -lgcc /usr/lib/gcc/armv7l-unknown-linux-gnueabihf/10.2.0/crtendS.o /usr/lib/gcc/armv7l-unknown-linux-gnueabihf/10.2.0/../../../crtn.o
COLLECT_GCC_OPTIONS='-v' '-o' 'cmTC_f8592' '-shared-libgcc'  '-mfloat-abi=hard' '-mfpu=vfpv3-d16' '-mtls-dialect=gnu' '-marm' '-march=armv7-a+fp'
make[1]: Leaving directory '/root/text-query/build/CMakeFiles/CMakeTmp'



Parsed CXX implicit include dir info from above output: rv=done
  found start of include info
  found start of implicit include info
    add: [/usr/lib/gcc/armv7l-unknown-linux-gnueabihf/10.2.0/../../../../include/c++/10.2.0]
    add: [/usr/lib/gcc/armv7l-unknown-linux-gnueabihf/10.2.0/../../../../include/c++/10.2.0/armv7l-unknown-linux-gnueabihf]
    add: [/usr/lib/gcc/armv7l-unknown-linux-gnueabihf/10.2.0/../../../../include/c++/10.2.0/backward]
    add: [/usr/lib/gcc/armv7l-unknown-linux-gnueabihf/10.2.0/include]
    add: [/usr/local/include]
    add: [/usr/lib/gcc/armv7l-unknown-linux-gnueabihf/10.2.0/include-fixed]
    add: [/usr/include]
  end of search list found
  collapse include dir [/usr/lib/gcc/armv7l-unknown-linux-gnueabihf/10.2.0/../../../../include/c++/10.2.0] ==> [/usr/include/c++/10.2.0]
  collapse include dir [/usr/lib/gcc/armv7l-unknown-linux-gnueabihf/10.2.0/../../../../include/c++/10.2.0/armv7l-unknown-linux-gnueabihf] ==> [/usr/include/c++/10.2.0/armv7l-unknown-linux-gnueabihf]
  collapse include dir [/usr/lib/gcc/armv7l-unknown-linux-gnueabihf/10.2.0/../../../../include/c++/10.2.0/backward] ==> [/usr/include/c++/10.2.0/backward]
  collapse include dir [/usr/lib/gcc/armv7l-unknown-linux-gnueabihf/10.2.0/include] ==> [/usr/lib/gcc/armv7l-unknown-linux-gnueabihf/10.2.0/include]
  collapse include dir [/usr/local/include] ==> [/usr/local/include]
  collapse include dir [/usr/lib/gcc/armv7l-unknown-linux-gnueabihf/10.2.0/include-fixed] ==> [/usr/lib/gcc/armv7l-unknown-linux-gnueabihf/10.2.0/include-fixed]
  collapse include dir [/usr/include] ==> [/usr/include]
  implicit include dirs: [/usr/include/c++/10.2.0;/usr/include/c++/10.2.0/armv7l-unknown-linux-gnueabihf;/usr/include/c++/10.2.0/backward;/usr/lib/gcc/armv7l-unknown-linux-gnueabihf/10.2.0/include;/usr/local/include;/usr/lib/gcc/armv7l-unknown-linux-gnueabihf/10.2.0/include-fixed;/usr/include]


Parsed CXX implicit link information from above output:
  link line regex: [^( *|.*[/\])(ld|CMAKE_LINK_STARTFILE-NOTFOUND|([^/\]+-)?ld|collect2)[^/\]*( |$)]
  ignore line: [Change Dir: /root/text-query/build/CMakeFiles/CMakeTmp]
  ignore line: []
  ignore line: [Run Build Command(s):/usr/bin/make -f Makefile cmTC_f8592/fast && /usr/bin/make  -f CMakeFiles/cmTC_f8592.dir/build.make CMakeFiles/cmTC_f8592.dir/build]
  ignore line: [make[1]: Entering directory '/root/text-query/build/CMakeFiles/CMakeTmp']
  ignore line: [Building CXX object CMakeFiles/cmTC_f8592.dir/CMakeCXXCompilerABI.cpp.o]
  ignore line: [/usr/bin/c++   -v -o CMakeFiles/cmTC_f8592.dir/CMakeCXXCompilerABI.cpp.o -c /usr/share/cmake-3.20/Modules/CMakeCXXCompilerABI.cpp]
  ignore line: [Using built-in specs.]
  ignore line: [COLLECT_GCC=/usr/bin/c++]
  ignore line: [Target: armv7l-unknown-linux-gnueabihf]
  ignore line: [Configured with: /build/gcc/src/gcc/configure --prefix=/usr --libdir=/usr/lib --libexecdir=/usr/lib --mandir=/usr/share/man --infodir=/usr/share/info --with-bugurl=https://github.com/archlinuxarm/PKGBUILDs/issues --enable-languages=c c++ fortran go lto objc obj-c++ d --with-isl --with-linker-hash-style=gnu --with-system-zlib --enable-__cxa_atexit --enable-checking=release --enable-clocale=gnu --enable-default-pie --enable-default-ssp --enable-gnu-indirect-function --enable-gnu-unique-object --enable-install-libiberty --enable-linker-build-id --enable-lto --enable-plugin --enable-shared --enable-threads=posix --disable-libssp --disable-libstdcxx-pch --disable-libunwind-exceptions --disable-multilib --disable-werror --host=armv7l-unknown-linux-gnueabihf --build=armv7l-unknown-linux-gnueabihf --with-arch=armv7-a --with-float=hard --with-fpu=vfpv3-d16 gdc_include_dir=/usr/include/dlang/gdc]
  ignore line: [Thread model: posix]
  ignore line: [Supported LTO compression algorithms: zlib zstd]
  ignore line: [gcc version 10.2.0 (GCC) ]
  ignore line: [COLLECT_GCC_OPTIONS='-v' '-o' 'CMakeFiles/cmTC_f8592.dir/CMakeCXXCompilerABI.cpp.o' '-c' '-shared-libgcc'  '-mfloat-abi=hard' '-mfpu=vfpv3-d16' '-mtls-dialect=gnu' '-marm' '-march=armv7-a+fp']
  ignore line: [ /usr/lib/gcc/armv7l-unknown-linux-gnueabihf/10.2.0/cc1plus -quiet -v -D_GNU_SOURCE /usr/share/cmake-3.20/Modules/CMakeCXXCompilerABI.cpp -quiet -dumpbase CMakeCXXCompilerABI.cpp -mfloat-abi=hard -mfpu=vfpv3-d16 -mtls-dialect=gnu -marm -march=armv7-a+fp -auxbase-strip CMakeFiles/cmTC_f8592.dir/CMakeCXXCompilerABI.cpp.o -version -o /tmp/ccgjMcOA.s]
  ignore line: [GNU C++14 (GCC) version 10.2.0 (armv7l-unknown-linux-gnueabihf)]
  ignore line: [	compiled by GNU C version 10.2.0  GMP version 6.2.0  MPFR version 4.1.0  MPC version 1.1.0  isl version isl-0.21-GMP]
  ignore line: []
  ignore line: [warning: GMP header version 6.2.0 differs from library version 6.2.1.]
  ignore line: [warning: MPC header version 1.1.0 differs from library version 1.2.1.]
  ignore line: [GGC heuristics: --param ggc-min-expand=100 --param ggc-min-heapsize=131072]
  ignore line: [ignoring nonexistent directory "/usr/lib/gcc/armv7l-unknown-linux-gnueabihf/10.2.0/../../../../armv7l-unknown-linux-gnueabihf/include"]
  ignore line: [#include "..." search starts here:]
  ignore line: [#include <...> search starts here:]
  ignore line: [ /usr/lib/gcc/armv7l-unknown-linux-gnueabihf/10.2.0/../../../../include/c++/10.2.0]
  ignore line: [ /usr/lib/gcc/armv7l-unknown-linux-gnueabihf/10.2.0/../../../../include/c++/10.2.0/armv7l-unknown-linux-gnueabihf]
  ignore line: [ /usr/lib/gcc/armv7l-unknown-linux-gnueabihf/10.2.0/../../../../include/c++/10.2.0/backward]
  ignore line: [ /usr/lib/gcc/armv7l-unknown-linux-gnueabihf/10.2.0/include]
  ignore line: [ /usr/local/include]
  ignore line: [ /usr/lib/gcc/armv7l-unknown-linux-gnueabihf/10.2.0/include-fixed]
  ignore line: [ /usr/include]
  ignore line: [End of search list.]
  ignore line: [GNU C++14 (GCC) version 10.2.0 (armv7l-unknown-linux-gnueabihf)]
  ignore line: [	compiled by GNU C version 10.2.0  GMP version 6.2.0  MPFR version 4.1.0  MPC version 1.1.0  isl version isl-0.21-GMP]
  ignore line: []
  ignore line: [warning: GMP header version 6.2.0 differs from library version 6.2.1.]
  ignore line: [warning: MPC header version 1.1.0 differs from library version 1.2.1.]
  ignore line: [GGC heuristics: --param ggc-min-expand=100 --param ggc-min-heapsize=131072]
  ignore line: [Compiler executable checksum: b5d68ee93e94df3dd292067d80f28aab]
  ignore line: [COLLECT_GCC_OPTIONS='-v' '-o' 'CMakeFiles/cmTC_f8592.dir/CMakeCXXCompilerABI.cpp.o' '-c' '-shared-libgcc'  '-mfloat-abi=hard' '-mfpu=vfpv3-d16' '-mtls-dialect=gnu' '-marm' '-march=armv7-a+fp']
  ignore line: [ as -v -march=armv7-a -mfloat-abi=hard -mfpu=vfpv3-d16 -meabi=5 -o CMakeFiles/cmTC_f8592.dir/CMakeCXXCompilerABI.cpp.o /tmp/ccgjMcOA.s]
  ignore line: [GNU assembler version 2.35 (armv7l-unknown-linux-gnueabihf) using BFD version (GNU Binutils) 2.35]
  ignore line: [COMPILER_PATH=/usr/lib/gcc/armv7l-unknown-linux-gnueabihf/10.2.0/:/usr/lib/gcc/armv7l-unknown-linux-gnueabihf/10.2.0/:/usr/lib/gcc/armv7l-unknown-linux-gnueabihf/:/usr/lib/gcc/armv7l-unknown-linux-gnueabihf/10.2.0/:/usr/lib/gcc/armv7l-unknown-linux-gnueabihf/]
  ignore line: [LIBRARY_PATH=/usr/lib/gcc/armv7l-unknown-linux-gnueabihf/10.2.0/:/usr/lib/gcc/armv7l-unknown-linux-gnueabihf/10.2.0/../../../:/lib/:/usr/lib/]
  ignore line: [COLLECT_GCC_OPTIONS='-v' '-o' 'CMakeFiles/cmTC_f8592.dir/CMakeCXXCompilerABI.cpp.o' '-c' '-shared-libgcc'  '-mfloat-abi=hard' '-mfpu=vfpv3-d16' '-mtls-dialect=gnu' '-marm' '-march=armv7-a+fp']
  ignore line: [Linking CXX executable cmTC_f8592]
  ignore line: [/usr/bin/cmake -E cmake_link_script CMakeFiles/cmTC_f8592.dir/link.txt --verbose=1]
  ignore line: [/usr/bin/c++  -v CMakeFiles/cmTC_f8592.dir/CMakeCXXCompilerABI.cpp.o -o cmTC_f8592 ]
  ignore line: [Using built-in specs.]
  ignore line: [COLLECT_GCC=/usr/bin/c++]
  ignore line: [COLLECT_LTO_WRAPPER=/usr/lib/gcc/armv7l-unknown-linux-gnueabihf/10.2.0/lto-wrapper]
  ignore line: [Target: armv7l-unknown-linux-gnueabihf]
  ignore line: [Configured with: /build/gcc/src/gcc/configure --prefix=/usr --libdir=/usr/lib --libexecdir=/usr/lib --mandir=/usr/share/man --infodir=/usr/share/info --with-bugurl=https://github.com/archlinuxarm/PKGBUILDs/issues --enable-languages=c c++ fortran go lto objc obj-c++ d --with-isl --with-linker-hash-style=gnu --with-system-zlib --enable-__cxa_atexit --enable-checking=release --enable-clocale=gnu --enable-default-pie --enable-default-ssp --enable-gnu-indirect-function --enable-gnu-unique-object --enable-install-libiberty --enable-linker-build-id --enable-lto --enable-plugin --enable-shared --enable-threads=posix --disable-libssp --disable-libstdcxx-pch --disable-libunwind-exceptions --disable-multilib --disable-werror --host=armv7l-unknown-linux-gnueabihf --build=armv7l-unknown-linux-gnueabihf --with-arch=armv7-a --with-float=hard --with-fpu=vfpv3-d16 gdc_include_dir=/usr/include/dlang/gdc]
  ignore line: [Thread model: posix]
  ignore line: [Supported LTO compression algorithms: zlib zstd]
  ignore line: [gcc version 10.2.0 (GCC) ]
  ignore line: [COMPILER_PATH=/usr/lib/gcc/armv7l-unknown-linux-gnueabihf/10.2.0/:/usr/lib/gcc/armv7l-unknown-linux-gnueabihf/10.2.0/:/usr/lib/gcc/armv7l-unknown-linux-gnueabihf/:/usr/lib/gcc/armv7l-unknown-linux-gnueabihf/10.2.0/:/usr/lib/gcc/armv7l-unknown-linux-gnueabihf/]
  ignore line: [LIBRARY_PATH=/usr/lib/gcc/armv7l-unknown-linux-gnueabihf/10.2.0/:/usr/lib/gcc/armv7l-unknown-linux-gnueabihf/10.2.0/../../../:/lib/:/usr/lib/]
  ignore line: [COLLECT_GCC_OPTIONS='-v' '-o' 'cmTC_f8592' '-shared-libgcc'  '-mfloat-abi=hard' '-mfpu=vfpv3-d16' '-mtls-dialect=gnu' '-marm' '-march=armv7-a+fp']
  link line: [ /usr/lib/gcc/armv7l-unknown-linux-gnueabihf/10.2.0/collect2 -plugin /usr/lib/gcc/armv7l-unknown-linux-gnueabihf/10.2.0/liblto_plugin.so -plugin-opt=/usr/lib/gcc/armv7l-unknown-linux-gnueabihf/10.2.0/lto-wrapper -plugin-opt=-fresolution=/tmp/ccrxqV40.res -plugin-opt=-pass-through=-lgcc_s -plugin-opt=-pass-through=-lgcc -plugin-opt=-pass-through=-lc -plugin-opt=-pass-through=-lgcc_s -plugin-opt=-pass-through=-lgcc --build-id --eh-frame-hdr --hash-style=gnu -dynamic-linker /lib/ld-linux-armhf.so.3 -X -m armelf_linux_eabi -pie -o cmTC_f8592 /usr/lib/gcc/armv7l-unknown-linux-gnueabihf/10.2.0/../../../Scrt1.o /usr/lib/gcc/armv7l-unknown-linux-gnueabihf/10.2.0/../../../crti.o /usr/lib/gcc/armv7l-unknown-linux-gnueabihf/10.2.0/crtbeginS.o -L/usr/lib/gcc/armv7l-unknown-linux-gnueabihf/10.2.0 -L/usr/lib/gcc/armv7l-unknown-linux-gnueabihf/10.2.0/../../.. CMakeFiles/cmTC_f8592.dir/CMakeCXXCompilerABI.cpp.o -lstdc++ -lm -lgcc_s -lgcc -lc -lgcc_s -lgcc /usr/lib/gcc/armv7l-unknown-linux-gnueabihf/10.2.0/crtendS.o /usr/lib/gcc/armv7l-unknown-linux-gnueabihf/10.2.0/../../../crtn.o]
    arg [/usr/lib/gcc/armv7l-unknown-linux-gnueabihf/10.2.0/collect2] ==> ignore
    arg [-plugin] ==> ignore
    arg [/usr/lib/gcc/armv7l-unknown-linux-gnueabihf/10.2.0/liblto_plugin.so] ==> ignore
    arg [-plugin-opt=/usr/lib/gcc/armv7l-unknown-linux-gnueabihf/10.2.0/lto-wrapper] ==> ignore
    arg [-plugin-opt=-fresolution=/tmp/ccrxqV40.res] ==> ignore
    arg [-plugin-opt=-pass-through=-lgcc_s] ==> ignore
    arg [-plugin-opt=-pass-through=-lgcc] ==> ignore
    arg [-plugin-opt=-pass-through=-lc] ==> ignore
    arg [-plugin-opt=-pass-through=-lgcc_s] ==> ignore
    arg [-plugin-opt=-pass-through=-lgcc] ==> ignore
    arg [--build-id] ==> ignore
    arg [--eh-frame-hdr] ==> ignore
    arg [--hash-style=gnu] ==> ignore
    arg [-dynamic-linker] ==> ignore
    arg [/lib/ld-linux-armhf.so.3] ==> ignore
    arg [-X] ==> ignore
    arg [-m] ==> ignore
    arg [armelf_linux_eabi] ==> ignore
    arg [-pie] ==> ignore
    arg [-o] ==> ignore
    arg [cmTC_f8592] ==> ignore
    arg [/usr/lib/gcc/armv7l-unknown-linux-gnueabihf/10.2.0/../../../Scrt1.o] ==> obj [/usr/lib/gcc/armv7l-unknown-linux-gnueabihf/10.2.0/../../../Scrt1.o]
    arg [/usr/lib/gcc/armv7l-unknown-linux-gnueabihf/10.2.0/../../../crti.o] ==> obj [/usr/lib/gcc/armv7l-unknown-linux-gnueabihf/10.2.0/../../../crti.o]
    arg [/usr/lib/gcc/armv7l-unknown-linux-gnueabihf/10.2.0/crtbeginS.o] ==> obj [/usr/lib/gcc/armv7l-unknown-linux-gnueabihf/10.2.0/crtbeginS.o]
    arg [-L/usr/lib/gcc/armv7l-unknown-linux-gnueabihf/10.2.0] ==> dir [/usr/lib/gcc/armv7l-unknown-linux-gnueabihf/10.2.0]
    arg [-L/usr/lib/gcc/armv7l-unknown-linux-gnueabihf/10.2.0/../../..] ==> dir [/usr/lib/gcc/armv7l-unknown-linux-gnueabihf/10.2.0/../../..]
    arg [CMakeFiles/cmTC_f8592.dir/CMakeCXXCompilerABI.cpp.o] ==> ignore
    arg [-lstdc++] ==> lib [stdc++]
    arg [-lm] ==> lib [m]
    arg [-lgcc_s] ==> lib [gcc_s]
    arg [-lgcc] ==> lib [gcc]
    arg [-lc] ==> lib [c]
    arg [-lgcc_s] ==> lib [gcc_s]
    arg [-lgcc] ==> lib [gcc]
    arg [/usr/lib/gcc/armv7l-unknown-linux-gnueabihf/10.2.0/crtendS.o] ==> obj [/usr/lib/gcc/armv7l-unknown-linux-gnueabihf/10.2.0/crtendS.o]
    arg [/usr/lib/gcc/armv7l-unknown-linux-gnueabihf/10.2.0/../../../crtn.o] ==> obj [/usr/lib/gcc/armv7l-unknown-linux-gnueabihf/10.2.0/../../../crtn.o]
  collapse obj [/usr/lib/gcc/armv7l-unknown-linux-gnueabihf/10.2.0/../../../Scrt1.o] ==> [/usr/lib/Scrt1.o]
  collapse obj [/usr/lib/gcc/armv7l-unknown-linux-gnueabihf/10.2.0/../../../crti.o] ==> [/usr/lib/crti.o]
  collapse obj [/usr/lib/gcc/armv7l-unknown-linux-gnueabihf/10.2.0/../../../crtn.o] ==> [/usr/lib/crtn.o]
  collapse library dir [/usr/lib/gcc/armv7l-unknown-linux-gnueabihf/10.2.0] ==> [/usr/lib/gcc/armv7l-unknown-linux-gnueabihf/10.2.0]
  collapse library dir [/usr/lib/gcc/armv7l-unknown-linux-gnueabihf/10.2.0/../../..] ==> [/usr/lib]
  implicit libs: [stdc++;m;gcc_s;gcc;c;gcc_s;gcc]
  implicit objs: [/usr/lib/Scrt1.o;/usr/lib/crti.o;/usr/lib/gcc/armv7l-unknown-linux-gnueabihf/10.2.0/crtbeginS.o;/usr/lib/gcc/armv7l-unknown-linux-gnueabihf/10.2.0/crtendS.o;/usr/lib/crtn.o]
  implicit dirs: [/usr/lib/gcc/armv7l-unknown-linux-gnueabihf/10.2.0;/usr/lib]
  implicit fwks: []


